<?xml version="1.0" encoding="UTF-8"?>
<robot generator="Robot 6.0.1 (Python 3.11.0 on win32)" generated="20221212 21:49:34.684" rpa="false" schemaversion="3">
<suite id="s1" name="TC01 GetUsers" source="c:\Users\hicha\Desktop\APIAutomation\TestCaseses\TC01_GetUsers.robot">
<test id="s1-t1" name="TC3_GetUsersWithParams" line="21">
<kw name="Create Session" library="RequestsLibrary">
<arg>usersessionWithParamas</arg>
<arg>${BaseURL}</arg>
<doc>Create Session: create a HTTP session to a server</doc>
<msg timestamp="20221212 21:49:35.122" level="INFO">Creating Session using : alias=usersessionWithParamas, url=https://reqres.in/, headers={},                     cookies={}, auth=None, timeout=None, proxies=None, verify=False,                     debug=0 </msg>
<status status="PASS" starttime="20221212 21:49:35.121" endtime="20221212 21:49:35.133"/>
</kw>
<kw name="Create Dictionary" library="BuiltIn">
<var>&amp;{parametres}</var>
<arg>id=3</arg>
<doc>Creates and returns a dictionary based on the given ``items``.</doc>
<msg timestamp="20221212 21:49:35.140" level="INFO">&amp;{parametres} = { id=3 }</msg>
<status status="PASS" starttime="20221212 21:49:35.136" endtime="20221212 21:49:35.140"/>
</kw>
<kw name="GET On Session" library="RequestsLibrary">
<var>${userResponse}</var>
<arg>usersessionWithParamas</arg>
<arg>api/users</arg>
<arg>params=&amp;{parametres}</arg>
<doc>Sends a GET request on a previously created HTTP Session.</doc>
<msg timestamp="20221212 21:49:35.472" level="INFO">GET Request : url=https://reqres.in/api/users?id=3 
 path_url=/api/users?id=3 
 headers={'User-Agent': 'python-requests/2.28.1', 'Accept-Encoding': 'gzip, deflate', 'Accept': '*/*', 'Connection': 'keep-alive'} 
 body=None 
 </msg>
<msg timestamp="20221212 21:49:35.474" level="INFO">GET Response : url=https://reqres.in/api/users?id=3 
 status=200, reason=OK 
 headers={'Date': 'Tue, 13 Dec 2022 02:49:35 GMT', 'Content-Type': 'application/json; charset=utf-8', 'Transfer-Encoding': 'chunked', 'Connection': 'keep-alive', 'X-Powered-By': 'Express', 'Access-Control-Allow-Origin': '*', 'Etag': 'W/"112-EeInfgHWtnxhYRnwgZUB667e024"', 'Via': '1.1 vegur', 'Cache-Control': 'max-age=14400', 'CF-Cache-Status': 'MISS', 'Report-To': '{"endpoints":[{"url":"https:\\/\\/a.nel.cloudflare.com\\/report\\/v3?s=KnaJnVqjxMyOTN5jZtRJaMfgsznXtKh46yT2zrN2EN4bWOo9D%2FPNsioQKJuRxasIg7Ann4tiS69o0Gsuteu7fuy3c%2B%2BskFHz71RGauHfqLTBB4kUIdU9LCCscA%3D%3D"}],"group":"cf-nel","max_age":604800}', 'NEL': '{"success_fraction":0,"report_to":"cf-nel","max_age":604800}', 'Vary': 'Accept-Encoding', 'Server': 'cloudflare', 'CF-RAY': '778b632d69fdc34b-EWR', 'Content-Encoding': 'gzip'} 
 body={"data":{"id":3,"email":"emma.wong@reqres.in","first_name":"Emma","last_name":"Wong","avatar":"https://reqres.in/img/faces/3-image.jpg"},"support":{"url":"https://reqres.in/#support-heading","text":"To keep ReqRes free, contributions towards server costs are appreciated!"}} 
 </msg>
<msg timestamp="20221212 21:49:35.474" level="INFO">C:\Users\hicha\AppData\Local\Programs\Python\Python311\Lib\site-packages\urllib3\connectionpool.py:1045: InsecureRequestWarning: Unverified HTTPS request is being made to host 'reqres.in'. Adding certificate verification is strongly advised. See: https://urllib3.readthedocs.io/en/1.26.x/advanced-usage.html#ssl-warnings
  warnings.warn(</msg>
<msg timestamp="20221212 21:49:35.475" level="INFO">${userResponse} = &lt;Response [200]&gt;</msg>
<status status="PASS" starttime="20221212 21:49:35.147" endtime="20221212 21:49:35.475"/>
</kw>
<kw name="Log To Console" library="BuiltIn">
<arg>${userResponse.content}</arg>
<doc>Logs the given message to the console.</doc>
<status status="PASS" starttime="20221212 21:49:35.476" endtime="20221212 21:49:35.478"/>
</kw>
<kw name="Log To Console" library="BuiltIn">
<arg>${userResponse.status_code}</arg>
<doc>Logs the given message to the console.</doc>
<status status="PASS" starttime="20221212 21:49:35.479" endtime="20221212 21:49:35.481"/>
</kw>
<kw name="Convert To String" library="BuiltIn">
<var>${actuaStatusCode}</var>
<arg>${userResponse.status_code}</arg>
<doc>Converts the given item to a Unicode string.</doc>
<msg timestamp="20221212 21:49:35.482" level="INFO">${actuaStatusCode} = 200</msg>
<status status="PASS" starttime="20221212 21:49:35.481" endtime="20221212 21:49:35.483"/>
</kw>
<kw name="Should Be Equal" library="BuiltIn">
<arg>${actuaStatusCode}</arg>
<arg>200</arg>
<doc>Fails if the given objects are unequal.</doc>
<status status="PASS" starttime="20221212 21:49:35.483" endtime="20221212 21:49:35.484"/>
</kw>
<status status="PASS" starttime="20221212 21:49:35.117" endtime="20221212 21:49:35.485"/>
</test>
<status status="PASS" starttime="20221212 21:49:34.693" endtime="20221212 21:49:35.487"/>
</suite>
<statistics>
<total>
<stat pass="1" fail="0" skip="0">All Tests</stat>
</total>
<tag>
</tag>
<suite>
<stat pass="1" fail="0" skip="0" id="s1" name="TC01 GetUsers">TC01 GetUsers</stat>
</suite>
</statistics>
<errors>
</errors>
</robot>
